aa = Identificador
12 = Numero
+ = OperadorTermino
; = FinSentencia
{ = InicioBloque
} = FinBloque
? = OperadorTernario
/ = OperadorFactor
* = OperadorFactor
% = OperadorFactor
{ = InicioBloque
* = OperadorFactor
/ = OperadorFactor
% = OperadorFactor
++ = IncrementoTermino
+ = OperadorTermino
-- = IncrementoTermino
- = OperadorTermino
++ = IncrementoTermino
+= = IncrementoTermino
-- = IncrementoTermino
-= = IncrementoTermino
} = FinBloque
= = Asignacion
== = OperadorRelacional
$ = Caracter
$ = Caracter
$ = Caracter
$1 = Moneda
$1234 = Moneda
