# = Caracter
include = Identificador
< = OperadorRelacional
stdio = Identificador
> = OperadorRelacional
{ = InicioBloque
230 = Numero
230e-30 = Numero
230e+30 = Numero
230.30e30 = Numero
230.30e-30 = Numero
230.30e+30 = Numero
"hola mundo" = Caracter
#64 = Caracter
* = OperadorFactor
/radio = Identificador
; = Identificador
< = OperadorRelacional
<> = OperadorRelacional
> = OperadorRelacional
! = OperadorLogico
!= = OperadorRelacional
== = OperadorRelacional
= = Asignacion
; = Asignacion
&& = OperadorLogico
& = Caracter
| = OperadorFactor
| = OperadorFactor
| = OperadorFactor
++ = IncrementoTermino
+- = IncrementoTermino
-- = IncrementoTermino
+ = OperadorTermino
= = Asignacion
-= = IncrementoTermino
* = OperadorFactor
*= = IncrementoFactor
/= = IncrementoFactor
% = OperadorFactor
%= = IncrementoFactor
"" = Caracter
El archivo tiene 15 líneas
