# = Caracter
include = Identificador
< = OperadorRelacional
stdio = Identificador
> = OperadorRelacional
{ = InicioBloque
230 = Numero
// Numero entero230e-30 = Numero
230e+30 = Numero
230.30e30 = Numero
230.30e-30 = Numero
230.30e+30 = Numero
// Numero en formato cientifico"hola mundo" = Caracter
#64 = Caracter
-'@'
    /*
        Hola mundo
        ITQ
    */
    radio;<<> = Puntero
> = OperadorRelacional
! = OperadorLogico
!= = OperadorRelacional
== = OperadorRelacional
= = Asignacion
; = Asignacion
&& = OperadorLogico
& = Caracter
| = OperadorFactor
| = OperadorFactor
| = OperadorFactor
++ = IncrementoTermino
+- = IncrementoTermino
-- = IncrementoTermino
+ = OperadorTermino
= = Asignacion
-= = IncrementoTermino
* = OperadorFactor
*= = IncrementoFactor
/= = IncrementoFactor
% = OperadorFactor
%= = IncrementoFactor
"" = Caracter
El archivo tiene 18 líneas
